<?xml version="1.0" encoding="UTF-8"?>
<!-- Generated by org.testng.reporters.JUnitReportReporter -->
<testsuite hostname="Umangs-MacBook-Air.local" failures="0" tests="1" name="tests.ValidateXMLSchema" time="4.958" errors="0" timestamp="2021-04-05T03:12:45 IST" skipped="0">
  <testcase classname="tests.ValidateXMLSchema" name="xmlSchemaValidation" time="4.958"/>
  <system-out/>
</testsuite> <!-- tests.ValidateXMLSchema -->
