<?xml version="1.0" encoding="UTF-8"?>
<!-- Generated by org.testng.reporters.JUnitReportReporter -->
<testsuite hostname="Umangs-MacBook-Air.local" failures="0" tests="1" name="tests.SoapXMLRequest" time="4.079" errors="0" timestamp="2021-04-05T02:27:40 IST" skipped="0">
  <testcase classname="tests.SoapXMLRequest" name="validateSoapXML" time="4.079"/>
  <system-out/>
</testsuite> <!-- tests.SoapXMLRequest -->
