<?xml version="1.0" encoding="UTF-8"?>
<!-- Generated by org.testng.reporters.JUnitReportReporter -->
<testsuite hostname="Umangs-MacBook-Air.local" failures="0" tests="1" name="tests.DataDrivenExample" time="2.557" errors="0" timestamp="2021-04-07T02:05:16 IST" skipped="0">
  <testcase classname="tests.DataDrivenExample" name="deleteTest" time="2.557"/>
  <system-out/>
</testsuite> <!-- tests.DataDrivenExample -->
