<?xml version="1.0" encoding="UTF-8"?>
<!-- Generated by org.testng.reporters.JUnitReportReporter -->
<testsuite hostname="Umangs-MacBook-Air.local" failures="0" tests="3" name="tests.PutPatchDeleteExamples" time="5.108" errors="0" timestamp="2021-04-04T16:08:38 IST" skipped="0">
  <testcase classname="tests.PutPatchDeleteExamples" name="testPatch" time="0.953"/>
  <system-out/>
  <testcase classname="tests.PutPatchDeleteExamples" name="testPut" time="0.746"/>
  <system-out/>
  <testcase classname="tests.PutPatchDeleteExamples" name="testDelete" time="3.409"/>
  <system-out/>
</testsuite> <!-- tests.PutPatchDeleteExamples -->
