<?xml version="1.0" encoding="UTF-8"?>
<!-- Generated by org.testng.reporters.JUnitReportReporter -->
<testsuite hostname="Umangs-MacBook-Air.local" failures="0" tests="2" name="tests.TestExample" time="4.359" errors="0" timestamp="2021-04-04T14:59:55 IST" skipped="0">
  <testcase classname="tests.TestExample" name="test_2" time="1.428"/>
  <system-out/>
  <testcase classname="tests.TestExample" name="test_1" time="2.931"/>
  <system-out/>
</testsuite> <!-- tests.TestExample -->
