<?xml version="1.0" encoding="UTF-8"?>
<!-- Generated by org.testng.reporters.JUnitReportReporter -->
<testsuite hostname="Umangs-MacBook-Air.local" failures="0" tests="1" name="tests.ValidateJSONSchema" time="3.031" errors="0" timestamp="2021-04-05T01:43:10 IST" skipped="0">
  <testcase classname="tests.ValidateJSONSchema" name="testGet" time="3.031"/>
  <system-out/>
</testsuite> <!-- tests.ValidateJSONSchema -->
