<?xml version="1.0" encoding="UTF-8"?>
<!-- Generated by org.testng.reporters.JUnitReportReporter -->
<testsuite hostname="Umangs-MacBook-Air.local" failures="0" tests="1" name="tests.LocalAPITests" time="2.362" errors="0" timestamp="2021-04-07T02:43:19 IST" skipped="0">
  <testcase classname="tests.LocalAPITests" name="testDelete" time="2.362"/>
  <system-out/>
</testsuite> <!-- tests.LocalAPITests -->
