<?xml version="1.0" encoding="UTF-8"?>
<!-- Generated by org.testng.reporters.JUnitReportReporter -->
<testsuite hostname="Umangs-MacBook-Air.local" failures="0" tests="1" name="tests.GetAndPostExamples" time="3.072" errors="0" timestamp="2021-04-04T15:34:59 IST" skipped="0">
  <testcase classname="tests.GetAndPostExamples" name="postTest" time="3.072"/>
  <system-out/>
</testsuite> <!-- tests.GetAndPostExamples -->
